Start testing: Feb 02 20:08 Pacific Standard Time
----------------------------------------------------------
37/59 Testing: PageTest.SerializeDeserializeTest
37/59 Test: PageTest.SerializeDeserializeTest
Command: "C:/Users/OGgol/OGDB/OGDB/build/Debug/test_page.exe" "--gtest_filter=PageTest.SerializeDeserializeTest" "--gtest_also_run_disabled_tests"
Directory: C:/Users/OGgol/OGDB/OGDB/build
"PageTest.SerializeDeserializeTest" start time: Feb 02 20:08 Pacific Standard Time
Output:
----------------------------------------------------------
Running main() from C:\Users\OGgol\OGDB\OGDB\build\_deps\googletest-src\googletest\src\gtest_main.cc
Note: Google Test filter = PageTest.SerializeDeserializeTest
[==========] Running 1 test from 1 test suite.
[----------] Global test environment set-up.
[----------] 1 test from PageTest
[ RUN      ] PageTest.SerializeDeserializeTest
[       OK ] PageTest.SerializeDeserializeTest (18 ms)
[----------] 1 test from PageTest (19 ms total)

[----------] Global test environment tear-down
[==========] 1 test from 1 test suite ran. (19 ms total)
[  PASSED  ] 1 test.
<end of output>
Test time =   0.03 sec
----------------------------------------------------------
Test Passed.
"PageTest.SerializeDeserializeTest" end time: Feb 02 20:08 Pacific Standard Time
"PageTest.SerializeDeserializeTest" time elapsed: 00:00:00
----------------------------------------------------------

End testing: Feb 02 20:08 Pacific Standard Time
