Start testing: Jan 19 21:35 Pacific Standard Time
----------------------------------------------------------
40/41 Testing: GloabalStringStorageTest.ExistingFileTest
40/41 Test: GloabalStringStorageTest.ExistingFileTest
Command: "C:/Users/OGgol/OGDB/OGDB/build/Debug/test_GSS.exe" "--gtest_filter=GloabalStringStorageTest.ExistingFileTest" "--gtest_also_run_disabled_tests"
Directory: C:/Users/OGgol/OGDB/OGDB/build
"GloabalStringStorageTest.ExistingFileTest" start time: Jan 19 21:35 Pacific Standard Time
Output:
----------------------------------------------------------
Running main() from C:\Users\OGgol\OGDB\OGDB\build\_deps\googletest-src\googletest\src\gtest_main.cc
Note: Google Test filter = GloabalStringStorageTest.ExistingFileTest
[==========] Running 1 test from 1 test suite.
[----------] Global test environment set-up.
[----------] 1 test from GloabalStringStorageTest
[ RUN      ] GloabalStringStorageTest.ExistingFileTest
file written8
File Saved86unknown file: error: SEH exception with code 0xc0000005 thrown in the test body.
[  FAILED  ] GloabalStringStorageTest.ExistingFileTest (13 ms)
[----------] 1 test from GloabalStringStorageTest (13 ms total)

[----------] Global test environment tear-down
[==========] 1 test from 1 test suite ran. (13 ms total)
[  PASSED  ] 0 tests.
[  FAILED  ] 1 test, listed below:
[  FAILED  ] GloabalStringStorageTest.ExistingFileTest

 1 FAILED TEST
<end of output>
Test time =   0.02 sec
----------------------------------------------------------
Test Failed.
"GloabalStringStorageTest.ExistingFileTest" end time: Jan 19 21:35 Pacific Standard Time
"GloabalStringStorageTest.ExistingFileTest" time elapsed: 00:00:00
----------------------------------------------------------

End testing: Jan 19 21:35 Pacific Standard Time
