Start testing: Jan 09 14:35 Pacific Standard Time
----------------------------------------------------------
Unable to find executable: C:/Users/OGgol/Desktop/OGDB/build/test_node.exe
1/33 Testing: NodeTest.ConstructorWithValidLabel
1/33 Test: NodeTest.ConstructorWithValidLabel
Command: "" "--gtest_filter=NodeTest.ConstructorWithValidLabel" "--gtest_also_run_disabled_tests"
Directory: C:/Users/OGgol/Desktop/OGDB/build
"NodeTest.ConstructorWithValidLabel" start time: 
Output:
----------------------------------------------------------
<end of output>
Test time =   0.00 sec
----------------------------------------------------------
Test Passed.
"NodeTest.ConstructorWithValidLabel" end time: Jan 09 14:35 Pacific Standard Time
"NodeTest.ConstructorWithValidLabel" time elapsed: 00:00:00
----------------------------------------------------------

Unable to find executable: C:/Users/OGgol/Desktop/OGDB/build/test_node.exe
2/33 Testing: NodeTest.ConstructorWithSingleCharLabel
2/33 Test: NodeTest.ConstructorWithSingleCharLabel
Command: "" "--gtest_filter=NodeTest.ConstructorWithSingleCharLabel" "--gtest_also_run_disabled_tests"
Directory: C:/Users/OGgol/Desktop/OGDB/build
"NodeTest.ConstructorWithSingleCharLabel" start time: 
Output:
----------------------------------------------------------
<end of output>
Test time =   0.00 sec
----------------------------------------------------------
Test Passed.
"NodeTest.ConstructorWithSingleCharLabel" end time: Jan 09 14:35 Pacific Standard Time
"NodeTest.ConstructorWithSingleCharLabel" time elapsed: 00:00:00
----------------------------------------------------------

Unable to find executable: C:/Users/OGgol/Desktop/OGDB/build/test_node.exe
3/33 Testing: NodeTest.ConstructorWithMaxLengthLabel
3/33 Test: NodeTest.ConstructorWithMaxLengthLabel
Command: "" "--gtest_filter=NodeTest.ConstructorWithMaxLengthLabel" "--gtest_also_run_disabled_tests"
Directory: C:/Users/OGgol/Desktop/OGDB/build
"NodeTest.ConstructorWithMaxLengthLabel" start time: 
Output:
----------------------------------------------------------
<end of output>
Test time =   0.00 sec
----------------------------------------------------------
Test Passed.
"NodeTest.ConstructorWithMaxLengthLabel" end time: Jan 09 14:35 Pacific Standard Time
"NodeTest.ConstructorWithMaxLengthLabel" time elapsed: 00:00:00
----------------------------------------------------------

Unable to find executable: C:/Users/OGgol/Desktop/OGDB/build/test_node.exe
4/33 Testing: NodeTest.ConstructorWithEmptyLabelThrows
4/33 Test: NodeTest.ConstructorWithEmptyLabelThrows
Command: "" "--gtest_filter=NodeTest.ConstructorWithEmptyLabelThrows" "--gtest_also_run_disabled_tests"
Directory: C:/Users/OGgol/Desktop/OGDB/build
"NodeTest.ConstructorWithEmptyLabelThrows" start time: 
Output:
----------------------------------------------------------
<end of output>
Test time =   0.00 sec
----------------------------------------------------------
Test Passed.
"NodeTest.ConstructorWithEmptyLabelThrows" end time: Jan 09 14:35 Pacific Standard Time
"NodeTest.ConstructorWithEmptyLabelThrows" time elapsed: 00:00:00
----------------------------------------------------------

Unable to find executable: C:/Users/OGgol/Desktop/OGDB/build/test_node.exe
5/33 Testing: NodeTest.ConstructorWithTooLongLabelThrows
5/33 Test: NodeTest.ConstructorWithTooLongLabelThrows
Command: "" "--gtest_filter=NodeTest.ConstructorWithTooLongLabelThrows" "--gtest_also_run_disabled_tests"
Directory: C:/Users/OGgol/Desktop/OGDB/build
"NodeTest.ConstructorWithTooLongLabelThrows" start time: 
Output:
----------------------------------------------------------
<end of output>
Test time =   0.00 sec
----------------------------------------------------------
Test Passed.
"NodeTest.ConstructorWithTooLongLabelThrows" end time: Jan 09 14:35 Pacific Standard Time
"NodeTest.ConstructorWithTooLongLabelThrows" time elapsed: 00:00:00
----------------------------------------------------------

Unable to find executable: C:/Users/OGgol/Desktop/OGDB/build/test_node.exe
6/33 Testing: NodeTest.GetLabel
6/33 Test: NodeTest.GetLabel
Command: "" "--gtest_filter=NodeTest.GetLabel" "--gtest_also_run_disabled_tests"
Directory: C:/Users/OGgol/Desktop/OGDB/build
"NodeTest.GetLabel" start time: 
Output:
----------------------------------------------------------
<end of output>
Test time =   0.00 sec
----------------------------------------------------------
Test Passed.
"NodeTest.GetLabel" end time: Jan 09 14:35 Pacific Standard Time
"NodeTest.GetLabel" time elapsed: 00:00:00
----------------------------------------------------------

Unable to find executable: C:/Users/OGgol/Desktop/OGDB/build/test_node.exe
7/33 Testing: NodeTest.GetFirstRelationshipIDInitial
7/33 Test: NodeTest.GetFirstRelationshipIDInitial
Command: "" "--gtest_filter=NodeTest.GetFirstRelationshipIDInitial" "--gtest_also_run_disabled_tests"
Directory: C:/Users/OGgol/Desktop/OGDB/build
"NodeTest.GetFirstRelationshipIDInitial" start time: 
Output:
----------------------------------------------------------
<end of output>
Test time =   0.00 sec
----------------------------------------------------------
Test Passed.
"NodeTest.GetFirstRelationshipIDInitial" end time: Jan 09 14:35 Pacific Standard Time
"NodeTest.GetFirstRelationshipIDInitial" time elapsed: 00:00:00
----------------------------------------------------------

Unable to find executable: C:/Users/OGgol/Desktop/OGDB/build/test_node.exe
8/33 Testing: NodeTest.GetFirstPropertyIDInitial
8/33 Test: NodeTest.GetFirstPropertyIDInitial
Command: "" "--gtest_filter=NodeTest.GetFirstPropertyIDInitial" "--gtest_also_run_disabled_tests"
Directory: C:/Users/OGgol/Desktop/OGDB/build
"NodeTest.GetFirstPropertyIDInitial" start time: 
Output:
----------------------------------------------------------
<end of output>
Test time =   0.00 sec
----------------------------------------------------------
Test Passed.
"NodeTest.GetFirstPropertyIDInitial" end time: Jan 09 14:35 Pacific Standard Time
"NodeTest.GetFirstPropertyIDInitial" time elapsed: 00:00:00
----------------------------------------------------------

Unable to find executable: C:/Users/OGgol/Desktop/OGDB/build/test_node.exe
9/33 Testing: NodeTest.SetFirstRelationship
9/33 Test: NodeTest.SetFirstRelationship
Command: "" "--gtest_filter=NodeTest.SetFirstRelationship" "--gtest_also_run_disabled_tests"
Directory: C:/Users/OGgol/Desktop/OGDB/build
"NodeTest.SetFirstRelationship" start time: 
Output:
----------------------------------------------------------
<end of output>
Test time =   0.00 sec
----------------------------------------------------------
Test Passed.
"NodeTest.SetFirstRelationship" end time: Jan 09 14:35 Pacific Standard Time
"NodeTest.SetFirstRelationship" time elapsed: 00:00:00
----------------------------------------------------------

Unable to find executable: C:/Users/OGgol/Desktop/OGDB/build/test_node.exe
10/33 Testing: NodeTest.SetFirstRelationshipZero
10/33 Test: NodeTest.SetFirstRelationshipZero
Command: "" "--gtest_filter=NodeTest.SetFirstRelationshipZero" "--gtest_also_run_disabled_tests"
Directory: C:/Users/OGgol/Desktop/OGDB/build
"NodeTest.SetFirstRelationshipZero" start time: 
Output:
----------------------------------------------------------
<end of output>
Test time =   0.00 sec
----------------------------------------------------------
Test Passed.
"NodeTest.SetFirstRelationshipZero" end time: Jan 09 14:35 Pacific Standard Time
"NodeTest.SetFirstRelationshipZero" time elapsed: 00:00:00
----------------------------------------------------------

Unable to find executable: C:/Users/OGgol/Desktop/OGDB/build/test_node.exe
11/33 Testing: NodeTest.SetFirstRelationshipMaxValue
11/33 Test: NodeTest.SetFirstRelationshipMaxValue
Command: "" "--gtest_filter=NodeTest.SetFirstRelationshipMaxValue" "--gtest_also_run_disabled_tests"
Directory: C:/Users/OGgol/Desktop/OGDB/build
"NodeTest.SetFirstRelationshipMaxValue" start time: 
Output:
----------------------------------------------------------
<end of output>
Test time =   0.00 sec
----------------------------------------------------------
Test Passed.
"NodeTest.SetFirstRelationshipMaxValue" end time: Jan 09 14:35 Pacific Standard Time
"NodeTest.SetFirstRelationshipMaxValue" time elapsed: 00:00:00
----------------------------------------------------------

Unable to find executable: C:/Users/OGgol/Desktop/OGDB/build/test_node.exe
12/33 Testing: NodeTest.SetFirstProperty
12/33 Test: NodeTest.SetFirstProperty
Command: "" "--gtest_filter=NodeTest.SetFirstProperty" "--gtest_also_run_disabled_tests"
Directory: C:/Users/OGgol/Desktop/OGDB/build
"NodeTest.SetFirstProperty" start time: 
Output:
----------------------------------------------------------
<end of output>
Test time =   0.00 sec
----------------------------------------------------------
Test Passed.
"NodeTest.SetFirstProperty" end time: Jan 09 14:35 Pacific Standard Time
"NodeTest.SetFirstProperty" time elapsed: 00:00:00
----------------------------------------------------------

Unable to find executable: C:/Users/OGgol/Desktop/OGDB/build/test_node.exe
13/33 Testing: NodeTest.SetFirstPropertyZero
13/33 Test: NodeTest.SetFirstPropertyZero
Command: "" "--gtest_filter=NodeTest.SetFirstPropertyZero" "--gtest_also_run_disabled_tests"
Directory: C:/Users/OGgol/Desktop/OGDB/build
"NodeTest.SetFirstPropertyZero" start time: 
Output:
----------------------------------------------------------
<end of output>
Test time =   0.00 sec
----------------------------------------------------------
Test Passed.
"NodeTest.SetFirstPropertyZero" end time: Jan 09 14:35 Pacific Standard Time
"NodeTest.SetFirstPropertyZero" time elapsed: 00:00:00
----------------------------------------------------------

Unable to find executable: C:/Users/OGgol/Desktop/OGDB/build/test_node.exe
14/33 Testing: NodeTest.SetFirstPropertyMaxValue
14/33 Test: NodeTest.SetFirstPropertyMaxValue
Command: "" "--gtest_filter=NodeTest.SetFirstPropertyMaxValue" "--gtest_also_run_disabled_tests"
Directory: C:/Users/OGgol/Desktop/OGDB/build
"NodeTest.SetFirstPropertyMaxValue" start time: 
Output:
----------------------------------------------------------
<end of output>
Test time =   0.00 sec
----------------------------------------------------------
Test Passed.
"NodeTest.SetFirstPropertyMaxValue" end time: Jan 09 14:35 Pacific Standard Time
"NodeTest.SetFirstPropertyMaxValue" time elapsed: 00:00:00
----------------------------------------------------------

Unable to find executable: C:/Users/OGgol/Desktop/OGDB/build/test_node.exe
15/33 Testing: NodeTest.SetLabelValid
15/33 Test: NodeTest.SetLabelValid
Command: "" "--gtest_filter=NodeTest.SetLabelValid" "--gtest_also_run_disabled_tests"
Directory: C:/Users/OGgol/Desktop/OGDB/build
"NodeTest.SetLabelValid" start time: 
Output:
----------------------------------------------------------
<end of output>
Test time =   0.00 sec
----------------------------------------------------------
Test Passed.
"NodeTest.SetLabelValid" end time: Jan 09 14:35 Pacific Standard Time
"NodeTest.SetLabelValid" time elapsed: 00:00:00
----------------------------------------------------------

Unable to find executable: C:/Users/OGgol/Desktop/OGDB/build/test_node.exe
16/33 Testing: NodeTest.SetLabelSingleChar
16/33 Test: NodeTest.SetLabelSingleChar
Command: "" "--gtest_filter=NodeTest.SetLabelSingleChar" "--gtest_also_run_disabled_tests"
Directory: C:/Users/OGgol/Desktop/OGDB/build
"NodeTest.SetLabelSingleChar" start time: 
Output:
----------------------------------------------------------
<end of output>
Test time =   0.00 sec
----------------------------------------------------------
Test Passed.
"NodeTest.SetLabelSingleChar" end time: Jan 09 14:35 Pacific Standard Time
"NodeTest.SetLabelSingleChar" time elapsed: 00:00:00
----------------------------------------------------------

Unable to find executable: C:/Users/OGgol/Desktop/OGDB/build/test_node.exe
17/33 Testing: NodeTest.SetLabelMaxLength
17/33 Test: NodeTest.SetLabelMaxLength
Command: "" "--gtest_filter=NodeTest.SetLabelMaxLength" "--gtest_also_run_disabled_tests"
Directory: C:/Users/OGgol/Desktop/OGDB/build
"NodeTest.SetLabelMaxLength" start time: 
Output:
----------------------------------------------------------
<end of output>
Test time =   0.00 sec
----------------------------------------------------------
Test Passed.
"NodeTest.SetLabelMaxLength" end time: Jan 09 14:35 Pacific Standard Time
"NodeTest.SetLabelMaxLength" time elapsed: 00:00:00
----------------------------------------------------------

Unable to find executable: C:/Users/OGgol/Desktop/OGDB/build/test_node.exe
18/33 Testing: NodeTest.SetLabelEmptyThrows
18/33 Test: NodeTest.SetLabelEmptyThrows
Command: "" "--gtest_filter=NodeTest.SetLabelEmptyThrows" "--gtest_also_run_disabled_tests"
Directory: C:/Users/OGgol/Desktop/OGDB/build
"NodeTest.SetLabelEmptyThrows" start time: 
Output:
----------------------------------------------------------
<end of output>
Test time =   0.00 sec
----------------------------------------------------------
Test Passed.
"NodeTest.SetLabelEmptyThrows" end time: Jan 09 14:35 Pacific Standard Time
"NodeTest.SetLabelEmptyThrows" time elapsed: 00:00:00
----------------------------------------------------------

Unable to find executable: C:/Users/OGgol/Desktop/OGDB/build/test_node.exe
19/33 Testing: NodeTest.SetLabelTooLongThrows
19/33 Test: NodeTest.SetLabelTooLongThrows
Command: "" "--gtest_filter=NodeTest.SetLabelTooLongThrows" "--gtest_also_run_disabled_tests"
Directory: C:/Users/OGgol/Desktop/OGDB/build
"NodeTest.SetLabelTooLongThrows" start time: 
Output:
----------------------------------------------------------
<end of output>
Test time =   0.00 sec
----------------------------------------------------------
Test Passed.
"NodeTest.SetLabelTooLongThrows" end time: Jan 09 14:35 Pacific Standard Time
"NodeTest.SetLabelTooLongThrows" time elapsed: 00:00:00
----------------------------------------------------------

Unable to find executable: C:/Users/OGgol/Desktop/OGDB/build/test_node.exe
20/33 Testing: NodeTest.SetUseStateTrue
20/33 Test: NodeTest.SetUseStateTrue
Command: "" "--gtest_filter=NodeTest.SetUseStateTrue" "--gtest_also_run_disabled_tests"
Directory: C:/Users/OGgol/Desktop/OGDB/build
"NodeTest.SetUseStateTrue" start time: 
Output:
----------------------------------------------------------
<end of output>
Test time =   0.00 sec
----------------------------------------------------------
Test Passed.
"NodeTest.SetUseStateTrue" end time: Jan 09 14:35 Pacific Standard Time
"NodeTest.SetUseStateTrue" time elapsed: 00:00:00
----------------------------------------------------------

Unable to find executable: C:/Users/OGgol/Desktop/OGDB/build/test_node.exe
21/33 Testing: NodeTest.SetUseStateFalse
21/33 Test: NodeTest.SetUseStateFalse
Command: "" "--gtest_filter=NodeTest.SetUseStateFalse" "--gtest_also_run_disabled_tests"
Directory: C:/Users/OGgol/Desktop/OGDB/build
"NodeTest.SetUseStateFalse" start time: 
Output:
----------------------------------------------------------
<end of output>
Test time =   0.00 sec
----------------------------------------------------------
Test Passed.
"NodeTest.SetUseStateFalse" end time: Jan 09 14:35 Pacific Standard Time
"NodeTest.SetUseStateFalse" time elapsed: 00:00:00
----------------------------------------------------------

Unable to find executable: C:/Users/OGgol/Desktop/OGDB/build/test_node.exe
22/33 Testing: NodeTest.SerializeObjectBasic
22/33 Test: NodeTest.SerializeObjectBasic
Command: "" "--gtest_filter=NodeTest.SerializeObjectBasic" "--gtest_also_run_disabled_tests"
Directory: C:/Users/OGgol/Desktop/OGDB/build
"NodeTest.SerializeObjectBasic" start time: 
Output:
----------------------------------------------------------
<end of output>
Test time =   0.00 sec
----------------------------------------------------------
Test Passed.
"NodeTest.SerializeObjectBasic" end time: Jan 09 14:35 Pacific Standard Time
"NodeTest.SerializeObjectBasic" time elapsed: 00:00:00
----------------------------------------------------------

Unable to find executable: C:/Users/OGgol/Desktop/OGDB/build/test_node.exe
23/33 Testing: NodeTest.SerializeObjectWithIDs
23/33 Test: NodeTest.SerializeObjectWithIDs
Command: "" "--gtest_filter=NodeTest.SerializeObjectWithIDs" "--gtest_also_run_disabled_tests"
Directory: C:/Users/OGgol/Desktop/OGDB/build
"NodeTest.SerializeObjectWithIDs" start time: 
Output:
----------------------------------------------------------
<end of output>
Test time =   0.00 sec
----------------------------------------------------------
Test Passed.
"NodeTest.SerializeObjectWithIDs" end time: Jan 09 14:35 Pacific Standard Time
"NodeTest.SerializeObjectWithIDs" time elapsed: 00:00:00
----------------------------------------------------------

Unable to find executable: C:/Users/OGgol/Desktop/OGDB/build/test_node.exe
24/33 Testing: NodeTest.SerializeObjectWithLabel
24/33 Test: NodeTest.SerializeObjectWithLabel
Command: "" "--gtest_filter=NodeTest.SerializeObjectWithLabel" "--gtest_also_run_disabled_tests"
Directory: C:/Users/OGgol/Desktop/OGDB/build
"NodeTest.SerializeObjectWithLabel" start time: 
Output:
----------------------------------------------------------
<end of output>
Test time =   0.00 sec
----------------------------------------------------------
Test Passed.
"NodeTest.SerializeObjectWithLabel" end time: Jan 09 14:35 Pacific Standard Time
"NodeTest.SerializeObjectWithLabel" time elapsed: 00:00:00
----------------------------------------------------------

Unable to find executable: C:/Users/OGgol/Desktop/OGDB/build/test_node.exe
25/33 Testing: NodeTest.SerializeObjectNotInUse
25/33 Test: NodeTest.SerializeObjectNotInUse
Command: "" "--gtest_filter=NodeTest.SerializeObjectNotInUse" "--gtest_also_run_disabled_tests"
Directory: C:/Users/OGgol/Desktop/OGDB/build
"NodeTest.SerializeObjectNotInUse" start time: 
Output:
----------------------------------------------------------
<end of output>
Test time =   0.00 sec
----------------------------------------------------------
Test Passed.
"NodeTest.SerializeObjectNotInUse" end time: Jan 09 14:35 Pacific Standard Time
"NodeTest.SerializeObjectNotInUse" time elapsed: 00:00:00
----------------------------------------------------------

Unable to find executable: C:/Users/OGgol/Desktop/OGDB/build/test_node.exe
26/33 Testing: NodeTest.MultipleOperationsSequence
26/33 Test: NodeTest.MultipleOperationsSequence
Command: "" "--gtest_filter=NodeTest.MultipleOperationsSequence" "--gtest_also_run_disabled_tests"
Directory: C:/Users/OGgol/Desktop/OGDB/build
"NodeTest.MultipleOperationsSequence" start time: 
Output:
----------------------------------------------------------
<end of output>
Test time =   0.00 sec
----------------------------------------------------------
Test Passed.
"NodeTest.MultipleOperationsSequence" end time: Jan 09 14:35 Pacific Standard Time
"NodeTest.MultipleOperationsSequence" time elapsed: 00:00:00
----------------------------------------------------------

Unable to find executable: C:/Users/OGgol/Desktop/OGDB/build/test_node.exe
27/33 Testing: NodeTest.SerializeObjectWithZeroIDs
27/33 Test: NodeTest.SerializeObjectWithZeroIDs
Command: "" "--gtest_filter=NodeTest.SerializeObjectWithZeroIDs" "--gtest_also_run_disabled_tests"
Directory: C:/Users/OGgol/Desktop/OGDB/build
"NodeTest.SerializeObjectWithZeroIDs" start time: 
Output:
----------------------------------------------------------
<end of output>
Test time =   0.00 sec
----------------------------------------------------------
Test Passed.
"NodeTest.SerializeObjectWithZeroIDs" end time: Jan 09 14:35 Pacific Standard Time
"NodeTest.SerializeObjectWithZeroIDs" time elapsed: 00:00:00
----------------------------------------------------------

Unable to find executable: C:/Users/OGgol/Desktop/OGDB/build/test_node.exe
28/33 Testing: NodeTest.SerializeObjectWithMaxIDs
28/33 Test: NodeTest.SerializeObjectWithMaxIDs
Command: "" "--gtest_filter=NodeTest.SerializeObjectWithMaxIDs" "--gtest_also_run_disabled_tests"
Directory: C:/Users/OGgol/Desktop/OGDB/build
"NodeTest.SerializeObjectWithMaxIDs" start time: 
Output:
----------------------------------------------------------
<end of output>
Test time =   0.00 sec
----------------------------------------------------------
Test Passed.
"NodeTest.SerializeObjectWithMaxIDs" end time: Jan 09 14:35 Pacific Standard Time
"NodeTest.SerializeObjectWithMaxIDs" time elapsed: 00:00:00
----------------------------------------------------------

Unable to find executable: C:/Users/OGgol/Desktop/OGDB/build/test_node.exe
29/33 Testing: NodeTest.ConstructorFromByteChunk
29/33 Test: NodeTest.ConstructorFromByteChunk
Command: "" "--gtest_filter=NodeTest.ConstructorFromByteChunk" "--gtest_also_run_disabled_tests"
Directory: C:/Users/OGgol/Desktop/OGDB/build
"NodeTest.ConstructorFromByteChunk" start time: 
Output:
----------------------------------------------------------
<end of output>
Test time =   0.00 sec
----------------------------------------------------------
Test Passed.
"NodeTest.ConstructorFromByteChunk" end time: Jan 09 14:35 Pacific Standard Time
"NodeTest.ConstructorFromByteChunk" time elapsed: 00:00:00
----------------------------------------------------------

Unable to find executable: C:/Users/OGgol/Desktop/OGDB/build/test_node.exe
30/33 Testing: NodeTest.SerializeDeserializeRoundTrip
30/33 Test: NodeTest.SerializeDeserializeRoundTrip
Command: "" "--gtest_filter=NodeTest.SerializeDeserializeRoundTrip" "--gtest_also_run_disabled_tests"
Directory: C:/Users/OGgol/Desktop/OGDB/build
"NodeTest.SerializeDeserializeRoundTrip" start time: 
Output:
----------------------------------------------------------
<end of output>
Test time =   0.00 sec
----------------------------------------------------------
Test Passed.
"NodeTest.SerializeDeserializeRoundTrip" end time: Jan 09 14:35 Pacific Standard Time
"NodeTest.SerializeDeserializeRoundTrip" time elapsed: 00:00:00
----------------------------------------------------------

Unable to find executable: C:/Users/OGgol/Desktop/OGDB/build/test_node.exe
31/33 Testing: NodeTest.ConstructorFromByteChunkWithNullTerminator
31/33 Test: NodeTest.ConstructorFromByteChunkWithNullTerminator
Command: "" "--gtest_filter=NodeTest.ConstructorFromByteChunkWithNullTerminator" "--gtest_also_run_disabled_tests"
Directory: C:/Users/OGgol/Desktop/OGDB/build
"NodeTest.ConstructorFromByteChunkWithNullTerminator" start time: 
Output:
----------------------------------------------------------
<end of output>
Test time =   0.00 sec
----------------------------------------------------------
Test Passed.
"NodeTest.ConstructorFromByteChunkWithNullTerminator" end time: Jan 09 14:35 Pacific Standard Time
"NodeTest.ConstructorFromByteChunkWithNullTerminator" time elapsed: 00:00:00
----------------------------------------------------------

32/33 Testing: PageTest.ConstructorTest
32/33 Test: PageTest.ConstructorTest
Command: "C:/Users/OGgol/Desktop/OGDB/build/test_page.exe" "--gtest_filter=PageTest.ConstructorTest" "--gtest_also_run_disabled_tests"
Directory: C:/Users/OGgol/Desktop/OGDB/build
"PageTest.ConstructorTest" start time: Jan 09 14:35 Pacific Standard Time
Output:
----------------------------------------------------------
Running main() from C:\Users\OGgol\Desktop\OGDB\build\_deps\googletest-src\googletest\src\gtest_main.cc
Note: Google Test filter = PageTest.ConstructorTest
[==========] Running 1 test from 1 test suite.
[----------] Global test environment set-up.
[----------] 1 test from PageTest
[ RUN      ] PageTest.ConstructorTest
starting[       OK ] PageTest.ConstructorTest (0 ms)
[----------] 1 test from PageTest (0 ms total)

[----------] Global test environment tear-down
[==========] 1 test from 1 test suite ran. (0 ms total)
[  PASSED  ] 1 test.
<end of output>
Test time =   0.01 sec
----------------------------------------------------------
Test Passed.
"PageTest.ConstructorTest" end time: Jan 09 14:35 Pacific Standard Time
"PageTest.ConstructorTest" time elapsed: 00:00:00
----------------------------------------------------------

33/33 Testing: PageTest.insertTestEmptyPage
33/33 Test: PageTest.insertTestEmptyPage
Command: "C:/Users/OGgol/Desktop/OGDB/build/test_page.exe" "--gtest_filter=PageTest.insertTestEmptyPage" "--gtest_also_run_disabled_tests"
Directory: C:/Users/OGgol/Desktop/OGDB/build
"PageTest.insertTestEmptyPage" start time: Jan 09 14:35 Pacific Standard Time
Output:
----------------------------------------------------------
Running main() from C:\Users\OGgol\Desktop\OGDB\build\_deps\googletest-src\googletest\src\gtest_main.cc
Note: Google Test filter = PageTest.insertTestEmptyPage
[==========] Running 1 test from 1 test suite.
[----------] Global test environment set-up.
[----------] 1 test from PageTest
[ RUN      ] PageTest.insertTestEmptyPage
starting[       OK ] PageTest.insertTestEmptyPage (0 ms)
[----------] 1 test from PageTest (0 ms total)

[----------] Global test environment tear-down
[==========] 1 test from 1 test suite ran. (0 ms total)
[  PASSED  ] 1 test.
<end of output>
Test time =   0.01 sec
----------------------------------------------------------
Test Passed.
"PageTest.insertTestEmptyPage" end time: Jan 09 14:35 Pacific Standard Time
"PageTest.insertTestEmptyPage" time elapsed: 00:00:00
----------------------------------------------------------

End testing: Jan 09 14:35 Pacific Standard Time
