Start testing: Jan 24 10:28 Pacific Standard Time
----------------------------------------------------------
47/59 Testing: GloabalStringStorageTest.FileIntegrityAfterMultipleOperationsTest
47/59 Test: GloabalStringStorageTest.FileIntegrityAfterMultipleOperationsTest
Command: "C:/Users/OGgol/OGDB/OGDB/build/Debug/test_GSS.exe" "--gtest_filter=GloabalStringStorageTest.FileIntegrityAfterMultipleOperationsTest" "--gtest_also_run_disabled_tests"
Directory: C:/Users/OGgol/OGDB/OGDB/build
"GloabalStringStorageTest.FileIntegrityAfterMultipleOperationsTest" start time: Jan 24 10:28 Pacific Standard Time
Output:
----------------------------------------------------------
Running main() from C:\Users\OGgol\OGDB\OGDB\build\_deps\googletest-src\googletest\src\gtest_main.cc
Note: Google Test filter = GloabalStringStorageTest.FileIntegrityAfterMultipleOperationsTest
[==========] Running 1 test from 1 test suite.
[----------] Global test environment set-up.
[----------] 1 test from GloabalStringStorageTest
[ RUN      ] GloabalStringStorageTest.FileIntegrityAfterMultipleOperationsTest
Persist 0Persist 1Persist 2Persist 3Persist 4Persist 5Persist 6Persist 7Persist 8Persist 9Persist 10Persist 11Persist 12Persist 13Persist 14Persist 15Persist 16Persist 17Persist 18Persist 19
0
unknown file: error: SEH exception with code 0xc0000005 thrown in the test body.
[  FAILED  ] GloabalStringStorageTest.FileIntegrityAfterMultipleOperationsTest (14 ms)
[----------] 1 test from GloabalStringStorageTest (14 ms total)

[----------] Global test environment tear-down
[==========] 1 test from 1 test suite ran. (14 ms total)
[  PASSED  ] 0 tests.
[  FAILED  ] 1 test, listed below:
[  FAILED  ] GloabalStringStorageTest.FileIntegrityAfterMultipleOperationsTest

 1 FAILED TEST
<end of output>
Test time =   0.03 sec
----------------------------------------------------------
Test Failed.
"GloabalStringStorageTest.FileIntegrityAfterMultipleOperationsTest" end time: Jan 24 10:28 Pacific Standard Time
"GloabalStringStorageTest.FileIntegrityAfterMultipleOperationsTest" time elapsed: 00:00:00
----------------------------------------------------------

End testing: Jan 24 10:28 Pacific Standard Time
