<?xml version="1.0" encoding="UTF-8"?>
<Site BuildName="Win32-MSBuild"
	BuildStamp="20260203-0351-Experimental"
	Name="LAPTOP-JFTJHO3P"
	Generator="ctest-4.2.3"
	CompilerName="C:/Program Files/Microsoft Visual Studio/18/Community/VC/Tools/MSVC/14.50.35717/bin/Hostx64/x64/cl.exe"
	CompilerVersion="19.50.35723.0"
	OSName="Windows"
	Hostname="LAPTOP-JFTJHO3P"
	OSRelease="10.0.26200"
	OSVersion="Windows 10"
	OSPlatform="AMD64"
	Is64Bits="1"
	VendorString="GenuineIntel"
	VendorID="Intel Corporation"
	FamilyID="6"
	ModelID="10"
	ModelName=""
	ProcessorCacheSize="-1"
	NumberOfLogicalCPU="20"
	NumberOfPhysicalCPU="14"
	TotalVirtualMemory="31437"
	TotalPhysicalMemory="16077"
	LogicalProcessorsPerPhysical="1"
	ProcessorClockFrequency="2600"
	>
	<Testing>
		<StartDateTime>Feb 16 16:49 Pacific Standard Time</StartDateTime>
		<StartTestTime>1771289357</StartTestTime>
		<TestList/>
		<EndDateTime>Feb 16 16:49 Pacific Standard Time</EndDateTime>
		<EndTestTime>1771289359</EndTestTime>
		<ElapsedMinutes>0</ElapsedMinutes>
	</Testing>
</Site>
